2024-05-15 13:56:27 - Error: Error adding user: Field 'ID' doesn't have a default value
2024-05-15 14:20:42 - Error: Error adding user: Duplicate entry 'sidiz' for key 'user.User_ID'
2024-05-15 14:21:59 - Error: Error adding user: Duplicate entry 'sidiz' for key 'user.User_ID'
2024-05-15 14:26:09 - Error: Error adding user: Duplicate entry 'sidiz' for key 'user.User_ID'
2024-05-15 14:26:09 - Error: Error adding authentication data: Data too long for column 'Refresh_Token' at row 1
2024-05-15 14:27:20 - Error: Error adding user: Duplicate entry 'sidiz' for key 'user.User_ID'
2024-05-15 14:27:20 - Error: Error adding authentication data: Incorrect datetime value: 'AQCPg4SuDuxLMQZm3RUFbTfxKG_36_oMkJz9QWlaqVCBMIahEMNC9La0iEE1nNUDpo5hcuPuyH_b2G2KSMDaP_QENtv0GU__m2VKqbMQWiyhpxYIMsXb6xGAEPGfOK4C' for column 'Expiry_Date' at row 1
2024-05-15 14:29:15 - Error: Error adding user: Duplicate entry 'sidiz' for key 'user.User_ID'
2024-05-15 14:29:15 - Error: Error adding authentication data: Data too long for column 'Access_Token' at row 1
2024-05-15 14:30:15 - Error: Error adding user: Duplicate entry 'sidiz' for key 'user.User_ID'
2024-05-15 14:30:15 - Error: Error adding authentication data: Incorrect datetime value: '3600' for column 'Expiry_Date' at row 1
2024-05-15 14:32:00 - Error: Error adding user: Duplicate entry 'sidiz' for key 'user.User_ID'
2024-05-15 14:32:00 - Error: Error adding authentication data: Field 'ID' doesn't have a default value
2024-05-15 16:09:06 - Error: Error adding user: Duplicate entry 'sidiz' for key 'user.User_ID'
2024-05-15 16:09:06 - Error: Error adding authentication data: 
2024-05-15 16:10:34 - Error: Error adding user: Duplicate entry 'sidiz' for key 'user.User_ID'
2024-05-15 16:10:34 - Error: Error adding authentication data: 
2024-05-15 16:11:01 - Error: Error adding user: Duplicate entry 'sidiz' for key 'user.User_ID'
2024-05-15 16:13:37 - Error: Error adding authentication data: 
2024-05-15 16:13:55 - Error: Error adding user: Duplicate entry 'sidiz' for key 'user.User_ID'
2024-05-15 16:17:27 - Error: Error adding user: Duplicate entry 'sidiz' for key 'user.User_ID'
2024-05-15 16:17:27 - Error: Error adding authentication data: Duplicate entry '1' for key 'authentication_data.PRIMARY'
2024-05-15 16:19:20 - Error: Error adding user: Duplicate entry 'sidiz' for key 'user.User_ID'
2024-05-15 16:21:44 - Error: Error adding user: Duplicate entry 'sidiz' for key 'user.User_ID'
2024-05-15 16:27:12 - Error: Error adding user: Duplicate entry 'sidiz' for key 'user.User_ID'
2024-05-15 16:27:12 - Error: Error adding authentication data: Duplicate entry '1' for key 'authentication_data.PRIMARY'
UTC2024-05-15 16:30:14 - Error: Error adding user: Duplicate entry 'sidiz' for key 'user.User_ID'
2024-05-15 16:36:44 - Error: Error adding user: Duplicate entry 'sidiz' for key 'user.User_ID'
2024-05-15 17:04:18 - Error: Error adding user: Duplicate entry 'sidiz' for key 'user.User_ID'
2024-05-15 19:04:18 - Error: Error adding authentication data: Duplicate entry '1' for key 'authentication_data.PRIMARY'
2024-05-16 11:16:14 - Error: Error adding user: Duplicate entry 'sidiz' for key 'user.User_ID'
2024-05-16 13:16:14 - Error: Error adding authentication data: Duplicate entry '1' for key 'authentication_data.PRIMARY'
2024-05-16 11:16:33 - Error: Error adding user: Duplicate entry 'sidiz' for key 'user.User_ID'
2024-05-16 13:16:33 - Error: Error adding authentication data: Duplicate entry '1' for key 'authentication_data.PRIMARY'
2024-05-16 11:58:00 - Error: Error adding user: Duplicate entry 'sidiz' for key 'user.User_ID'
2024-05-16 13:58:00 - Error: Error adding authentication data: Duplicate entry '1' for key 'authentication_data.PRIMARY'
2024-05-16 12:20:57 - Error: Error adding user: Duplicate entry 'sidiz' for key 'user.User_ID'
2024-05-16 14:21:01 - Error: Error adding authentication data: Duplicate entry '1' for key 'authentication_data.PRIMARY'
2024-05-16 12:25:59 - Error: Error adding user: Duplicate entry 'sidiz' for key 'user.User_ID'
2024-05-16 14:25:59 - Error: Error adding authentication data: Duplicate entry '1' for key 'authentication_data.PRIMARY'
2024-05-16 12:42:01 - Error: Error adding user: Duplicate entry 'sidiz' for key 'user.User_ID'
2024-05-16 12:56:41 - Error: Error adding user: Duplicate entry 'sidiz' for key 'user.User_ID'
2024-05-16 17:09:31 - Error: Error adding user: Duplicate entry 'sidiz' for key 'user.User_ID'
2024-05-16 18:13:24 - Error: Error adding user: Duplicate entry 'sidiz' for key 'user.User_ID'
2024-05-17 10:05:54 - Error: Error adding user: Duplicate entry 'sidiz' for key 'user.User_ID'
2024-05-17 10:10:04 - Error: Error adding user: Duplicate entry 'sidiz' for key 'user.User_ID'
2024-05-17 10:41:47 - Error: Error adding user: Duplicate entry 'sidiz' for key 'user.User_ID'
2024-05-17 12:14:52 - Error: Error adding user: Duplicate entry 'sidiz' for key 'user.User_ID'
2024-05-17 12:27:46 - Error: Error adding user: Duplicate entry 'sidiz' for key 'user.User_ID'
2024-05-17 12:42:48 - Error: Error adding user: Duplicate entry 'sidiz' for key 'user.User_ID'
2024-05-17 12:47:59 - Error: Error adding user: Duplicate entry 'sidiz' for key 'user.User_ID'
2024-05-17 12:52:08 - Error: Error adding user: Duplicate entry 'sidiz' for key 'user.User_ID'
2024-05-17 13:10:07 - Error: Error adding user: Duplicate entry 'sidiz' for key 'user.User_ID'
2024-05-17 14:52:47 - Error: Error adding user: Duplicate entry 'sidiz' for key 'user.User_ID'
2024-05-17 15:33:00 - Error: Error adding user: Duplicate entry 'sidiz' for key 'user.User_ID'
2024-05-17 15:34:09 - Error: Error adding user: Duplicate entry 'sidiz' for key 'user.User_ID'
2024-05-17 15:35:02 - Error: Error adding user: Duplicate entry 'sidiz' for key 'user.User_ID'
2024-05-17 15:35:20 - Error: Error adding user: Duplicate entry 'sidiz' for key 'user.User_ID'
2024-05-17 15:36:03 - Error: Error adding user: Duplicate entry 'sidiz' for key 'user.User_ID'
2024-05-17 15:40:03 - Error: Error adding user: Duplicate entry 'sidiz' for key 'user.User_ID'
2024-05-17 15:43:28 - Error: Error adding user: Duplicate entry 'sidiz' for key 'user.User_ID'
2024-05-17 16:10:14 - Error: Error adding user: Duplicate entry 'sidiz' for key 'user.User_ID'
2024-05-17 16:11:28 - Error: Error adding user: Duplicate entry 'sidiz' for key 'user.User_ID'
2024-05-17 16:12:40 - Error: Error adding user: Duplicate entry 'sidiz' for key 'user.User_ID'
2024-05-17 16:13:48 - Error: Error adding user: Duplicate entry 'sidiz' for key 'user.User_ID'
2024-05-17 16:14:42 - Error: Error adding user: Duplicate entry 'sidiz' for key 'user.User_ID'
2024-05-17 16:15:49 - Error: Error adding user: Duplicate entry 'sidiz' for key 'user.User_ID'
2024-05-17 16:16:14 - Error: Error adding user: Duplicate entry 'sidiz' for key 'user.User_ID'
2024-05-17 16:17:58 - Error: Error adding user: Duplicate entry 'sidiz' for key 'user.User_ID'
2024-05-17 18:00:35 - Error: Error adding user: Duplicate entry 'sidiz' for key 'user.User_ID'
2024-05-17 20:00:35 - Error: Error adding authentication data: Duplicate entry '1' for key 'authentication_data.PRIMARY'
2024-05-17 18:03:51 - Error: Error adding user: Duplicate entry 'sidiz' for key 'user.User_ID'
2024-05-17 20:03:51 - Error: Error adding authentication data: Duplicate entry '1' for key 'authentication_data.PRIMARY'
2024-05-17 18:04:38 - Error: Error adding user: Duplicate entry 'sidiz' for key 'user.User_ID'
2024-05-17 20:04:38 - Error: Error adding authentication data: Duplicate entry '1' for key 'authentication_data.PRIMARY'
2024-05-17 18:06:56 - Error: Error adding user: Duplicate entry 'sidiz' for key 'user.User_ID'
2024-05-17 20:06:56 - Error: Error adding authentication data: Duplicate entry '1' for key 'authentication_data.PRIMARY'
2024-05-17 18:16:47 - Error: Error adding user: Duplicate entry 'sidiz' for key 'user.User_ID'
2024-05-17 20:16:47 - Error: Error adding authentication data: Duplicate entry '1' for key 'authentication_data.PRIMARY'
2024-05-17 18:17:21 - Error: Error adding user: Duplicate entry 'sidiz' for key 'user.User_ID'
2024-05-17 20:17:21 - Error: Error adding authentication data: Duplicate entry '1' for key 'authentication_data.PRIMARY'
2024-05-17 18:17:55 - Error: Error adding user: Duplicate entry 'sidiz' for key 'user.User_ID'
2024-05-17 20:17:55 - Error: Error adding authentication data: Duplicate entry '1' for key 'authentication_data.PRIMARY'
2024-05-17 18:19:24 - Error: Error adding user: Duplicate entry 'sidiz' for key 'user.User_ID'
2024-05-17 20:19:24 - Error: Error adding authentication data: Duplicate entry '1' for key 'authentication_data.PRIMARY'
2024-05-17 18:20:57 - Error: Error adding user: Duplicate entry 'sidiz' for key 'user.User_ID'
2024-05-17 20:20:57 - Error: Error adding authentication data: Duplicate entry '1' for key 'authentication_data.PRIMARY'
2024-05-17 18:45:53 - Error: Error adding user: Duplicate entry 'sidiz' for key 'user.User_ID'
2024-05-17 20:45:53 - Error: Error adding authentication data: Duplicate entry '1' for key 'authentication_data.PRIMARY'
2024-05-17 18:47:37 - Error: Error adding user: Duplicate entry 'sidiz' for key 'user.User_ID'
2024-05-17 18:49:04 - Error: Error adding user: Duplicate entry 'sidiz' for key 'user.User_ID'
2024-05-17 20:49:04 - Error: Error adding authentication data: Duplicate entry '1' for key 'authentication_data.PRIMARY'
2024-05-17 18:55:13 - Error: Error adding user: Duplicate entry 'sidiz' for key 'user.User_ID'
2024-05-17 20:55:13 - Error: Error adding authentication data: Duplicate entry '1' for key 'authentication_data.PRIMARY'
2024-05-17 18:58:41 - Error: Error adding user: Duplicate entry 'sidiz' for key 'user.User_ID'
2024-05-17 20:58:41 - Error: Error adding authentication data: Duplicate entry '1' for key 'authentication_data.PRIMARY'
2024-05-17 19:04:13 - Error: Error adding user: Duplicate entry 'sidiz' for key 'user.User_ID'
2024-05-17 21:04:13 - Error: Error adding authentication data: Duplicate entry '1' for key 'authentication_data.PRIMARY'
2024-05-17 19:05:28 - Error: Error adding user: Duplicate entry 'sidiz' for key 'user.User_ID'
2024-05-17 19:06:11 - Error: Error adding user: Duplicate entry 'sidiz' for key 'user.User_ID'
2024-05-17 19:09:09 - Error: Error adding user: Duplicate entry 'sidiz' for key 'user.User_ID'
2024-05-17 19:10:02 - Error: Error adding user: Duplicate entry 'sidiz' for key 'user.User_ID'
2024-05-17 19:12:12 - Error: Error adding user: Duplicate entry 'sidiz' for key 'user.User_ID'
2024-05-17 19:18:53 - Error: Error adding user: Duplicate entry 'sidiz' for key 'user.User_ID'
2024-05-17 19:19:38 - Error: Error adding user: Duplicate entry 'sidiz' for key 'user.User_ID'
2024-05-17 21:19:38 - Error: Error adding authentication data: Duplicate entry '1' for key 'authentication_data.PRIMARY'
2024-05-17 19:28:11 - Error: Error adding user: Duplicate entry 'sidiz' for key 'user.User_ID'
2024-05-17 19:28:49 - Error: Error adding user: Duplicate entry 'sidiz' for key 'user.User_ID'
2024-05-17 19:29:40 - Error: Error adding user: Duplicate entry 'sidiz' for key 'user.User_ID'
2024-05-17 21:29:40 - Error: Error adding authentication data: Duplicate entry '1' for key 'authentication_data.PRIMARY'
2024-05-17 19:30:08 - Error: Error adding user: Duplicate entry 'sidiz' for key 'user.User_ID'
2024-05-17 21:30:08 - Error: Error adding authentication data: Duplicate entry '1' for key 'authentication_data.PRIMARY'
2024-05-17 19:39:06 - Error: Error adding user: Duplicate entry 'sidiz' for key 'user.User_ID'
2024-05-17 19:39:36 - Error: Error adding user: Duplicate entry 'sidiz' for key 'user.User_ID'
2024-05-17 21:39:36 - Error: Error adding authentication data: Duplicate entry '1' for key 'authentication_data.PRIMARY'
2024-05-17 19:42:35 - Error: Error adding user: Duplicate entry 'sidiz' for key 'user.User_ID'
2024-05-17 19:49:03 - Error: Error adding user: Duplicate entry 'sidiz' for key 'user.User_ID'
2024-05-17 19:50:31 - Error: Error adding user: Duplicate entry 'sidiz' for key 'user.User_ID'
2024-05-17 19:57:36 - Error: Error adding user: Duplicate entry 'sidiz' for key 'user.User_ID'
2024-05-17 19:58:04 - Error: Error adding user: Duplicate entry 'sidiz' for key 'user.User_ID'
2024-05-17 21:58:04 - Error: Error adding authentication data: Duplicate entry '1' for key 'authentication_data.PRIMARY'
2024-05-17 19:58:44 - Error: Error adding user: Duplicate entry 'sidiz' for key 'user.User_ID'
2024-05-17 20:02:23 - Error: Error adding user: Duplicate entry 'sidiz' for key 'user.User_ID'
2024-05-17 20:06:39 - Error: Error adding user: Duplicate entry 'sidiz' for key 'user.User_ID'
2024-05-17 20:07:11 - Error: Error adding user: Duplicate entry 'sidiz' for key 'user.User_ID'
2024-05-17 20:08:55 - Error: Error adding user: Duplicate entry 'sidiz' for key 'user.User_ID'
2024-05-17 20:09:50 - Error: Error adding user: Duplicate entry 'sidiz' for key 'user.User_ID'
2024-05-17 20:12:33 - Error: Error adding user: Duplicate entry 'sidiz' for key 'user.User_ID'
2024-05-17 20:14:59 - Error: Error adding user: Duplicate entry 'sidiz' for key 'user.User_ID'
2024-05-17 20:23:55 - Error: Error adding user: Duplicate entry 'sidiz' for key 'user.User_ID'
2024-05-18 13:00:45 - Error: Error adding user: Duplicate entry 'sidiz' for key 'user.User_ID'
2024-05-18 15:00:45 - Error: Error adding authentication data: Duplicate entry '1' for key 'authentication_data.PRIMARY'
2024-05-18 13:02:41 - Error: Error adding user: Duplicate entry 'sidiz' for key 'user.User_ID'
2024-05-18 15:02:41 - Error: Error adding authentication data: Duplicate entry '1' for key 'authentication_data.PRIMARY'
2024-05-18 13:04:06 - Error: Error adding user: Duplicate entry 'sidiz' for key 'user.User_ID'
2024-05-18 15:04:06 - Error: Error adding authentication data: Duplicate entry '1' for key 'authentication_data.PRIMARY'
2024-05-18 13:04:27 - Error: Error adding user: Duplicate entry 'sidiz' for key 'user.User_ID'
2024-05-18 15:04:27 - Error: Error adding authentication data: Duplicate entry '1' for key 'authentication_data.PRIMARY'
